Determining if the pthread_create exist failed with the following output:
Change Dir: /home/tommy/Dropbox/Dev/Tommy/Hermes/build/CMakeFiles/CMakeTmp

Run Build Command:"/usr/bin/gmake" "cmTC_f930e/fast"
/usr/bin/gmake -f CMakeFiles/cmTC_f930e.dir/build.make CMakeFiles/cmTC_f930e.dir/build
gmake[1]: Entering directory '/home/tommy/Dropbox/Dev/Tommy/Hermes/build/CMakeFiles/CMakeTmp'
Building C object CMakeFiles/cmTC_f930e.dir/CheckSymbolExists.c.o
/usr/bin/cc    -o CMakeFiles/cmTC_f930e.dir/CheckSymbolExists.c.o   -c /home/tommy/Dropbox/Dev/Tommy/Hermes/build/CMakeFiles/CMakeTmp/CheckSymbolExists.c
Linking C executable cmTC_f930e
/usr/bin/cmake -E cmake_link_script CMakeFiles/cmTC_f930e.dir/link.txt --verbose=1
/usr/bin/cc       CMakeFiles/cmTC_f930e.dir/CheckSymbolExists.c.o  -o cmTC_f930e -rdynamic 
CMakeFiles/cmTC_f930e.dir/CheckSymbolExists.c.o: In function `main':
CheckSymbolExists.c:(.text+0x16): undefined reference to `pthread_create'
collect2: error: ld returned 1 exit status
CMakeFiles/cmTC_f930e.dir/build.make:97: recipe for target 'cmTC_f930e' failed
gmake[1]: *** [cmTC_f930e] Error 1
gmake[1]: Leaving directory '/home/tommy/Dropbox/Dev/Tommy/Hermes/build/CMakeFiles/CMakeTmp'
Makefile:126: recipe for target 'cmTC_f930e/fast' failed
gmake: *** [cmTC_f930e/fast] Error 2

File /home/tommy/Dropbox/Dev/Tommy/Hermes/build/CMakeFiles/CMakeTmp/CheckSymbolExists.c:
/* */
#include <pthread.h>

int main(int argc, char** argv)
{
  (void)argv;
#ifndef pthread_create
  return ((int*)(&pthread_create))[argc];
#else
  (void)argc;
  return 0;
#endif
}

Determining if the function pthread_create exists in the pthreads failed with the following output:
Change Dir: /home/tommy/Dropbox/Dev/Tommy/Hermes/build/CMakeFiles/CMakeTmp

Run Build Command:"/usr/bin/gmake" "cmTC_40545/fast"
/usr/bin/gmake -f CMakeFiles/cmTC_40545.dir/build.make CMakeFiles/cmTC_40545.dir/build
gmake[1]: Entering directory '/home/tommy/Dropbox/Dev/Tommy/Hermes/build/CMakeFiles/CMakeTmp'
Building C object CMakeFiles/cmTC_40545.dir/CheckFunctionExists.c.o
/usr/bin/cc   -DCHECK_FUNCTION_EXISTS=pthread_create   -o CMakeFiles/cmTC_40545.dir/CheckFunctionExists.c.o   -c /usr/share/cmake/Modules/CheckFunctionExists.c
Linking C executable cmTC_40545
/usr/bin/cmake -E cmake_link_script CMakeFiles/cmTC_40545.dir/link.txt --verbose=1
/usr/bin/cc   -DCHECK_FUNCTION_EXISTS=pthread_create    CMakeFiles/cmTC_40545.dir/CheckFunctionExists.c.o  -o cmTC_40545 -rdynamic -lpthreads 
/usr/bin/ld: cannot find -lpthreads
collect2: error: ld returned 1 exit status
CMakeFiles/cmTC_40545.dir/build.make:97: recipe for target 'cmTC_40545' failed
gmake[1]: *** [cmTC_40545] Error 1
gmake[1]: Leaving directory '/home/tommy/Dropbox/Dev/Tommy/Hermes/build/CMakeFiles/CMakeTmp'
Makefile:126: recipe for target 'cmTC_40545/fast' failed
gmake: *** [cmTC_40545/fast] Error 2


